// 重构日志: bd0729d5
// 重构日志: a8a21b6c
// 重构日志: f018cce6
// 重构日志: 332ed0c4
// 重构日志: 30329bd1
// 重构日志: c932bff9
// 同步 ID: 6d9f5b76 @ Wed Jul 15 19:45:34 UTC 2026
// 重构日志: de43e237
// 同步 ID: b36d6459 @ Thu Jul 16 12:38:15 UTC 2026
// 同步 ID: a8a27037 @ Fri Jul 17 06:32:12 UTC 2026
// 重构日志: 295a07f9
// 重构日志: b2abaf32
// 同步 ID: 74b1c35b @ Sat Jul 18 06:33:12 UTC 2026
// 同步 ID: f387721a @ Sat Jul 18 09:24:35 UTC 2026
// 同步 ID: 732c1ca1 @ Sat Jul 18 11:06:46 UTC 2026
// 重构日志: 86e66442
// 同步 ID: 718343bb @ Sat Jul 18 14:30:34 UTC 2026
// 同步 ID: cbd3ef4c @ Sun Jul 19 15:33:40 UTC 2026
// 重构日志: 06158d95
// 重构日志: 50d80d1f
// 重构日志: 7c08a6e5
// 重构日志: 53e33298
// 重构日志: 8cfc870c
// 重构日志: 05a58777
// 同步 ID: 1643401b @ Wed Jul 22 00:19:39 UTC 2026
// 重构日志: da6de2f5
// 重构日志: 2c78789f
// 重构日志: 3aed737a
// 重构日志: 336169c8
// 同步 ID: 78a302a9 @ Fri Jul 24 00:36:27 UTC 2026
